0 verbose cli C:\Program Files\nodejs\node.exe C:\Users\Mithat Kara\AppData\Roaming\npm\node_modules\npm\bin\npm-cli.js
1 info using npm@8.14.0
2 info using node@v16.13.1
3 timing npm:load:whichnode Completed in 1ms
4 timing config:load:defaults Completed in 1ms
5 timing config:load:file:C:\Users\Mithat Kara\AppData\Roaming\npm\node_modules\npm\npmrc Completed in 3ms
6 timing config:load:builtin Completed in 3ms
7 timing config:load:cli Completed in 1ms
8 timing config:load:env Completed in 1ms
9 timing config:load:file:C:\Users\Mithat Kara\OneDrive\Masaüstü\food-shop\.npmrc Completed in 0ms
10 timing config:load:project Completed in 4ms
11 timing config:load:file:C:\Users\Mithat Kara\.npmrc Completed in 1ms
12 timing config:load:user Completed in 1ms
13 timing config:load:file:C:\Users\Mithat Kara\AppData\Roaming\npm\etc\npmrc Completed in 0ms
14 timing config:load:global Completed in 1ms
15 timing config:load:validate Completed in 0ms
16 timing config:load:credentials Completed in 1ms
17 timing config:load:setEnvs Completed in 0ms
18 timing config:load Completed in 13ms
19 timing npm:load:configload Completed in 13ms
20 timing npm:load:mkdirpcache Completed in 1ms
21 timing npm:load:mkdirplogs Completed in 0ms
22 verbose title npm i redux@4.1.0 redux-persist@6.0.0 react-redux@7.2.4
23 verbose argv "i" "redux@4.1.0" "redux-persist@6.0.0" "react-redux@7.2.4"
24 timing npm:load:setTitle Completed in 1ms
25 timing config:load:flatten Completed in 2ms
26 timing npm:load:display Completed in 4ms
27 verbose logfile logs-max:10 dir:C:\Users\Mithat Kara\OneDrive\Masaüstü\food-shop\_logs
28 verbose logfile C:\Users\Mithat Kara\OneDrive\Masaüstü\food-shop\_logs\2022-07-22T19_47_44_530Z-debug-0.log
29 timing npm:load:logFile Completed in 7ms
30 timing npm:load:timers Completed in 0ms
31 timing npm:load:configScope Completed in 0ms
32 timing npm:load Completed in 28ms
33 timing arborist:ctor Completed in 1ms
34 silly logfile start cleaning logs, removing 1 files
35 silly logfile done cleaning log files
36 timing idealTree:init Completed in 767ms
37 timing idealTree:userRequests Completed in 3ms
38 silly idealTree buildDeps
39 silly fetch manifest redux@4.1.0
40 timing arborist:ctor Completed in 0ms
41 http fetch GET 200 https://registry.npmjs.org/redux 1513ms (cache revalidated)
42 silly fetch manifest redux-persist@6.0.0
43 http fetch GET 200 https://registry.npmjs.org/redux-persist 311ms (cache revalidated)
44 silly fetch manifest react-redux@7.2.4
45 http fetch GET 200 https://registry.npmjs.org/react-redux 104ms (cache revalidated)
46 silly fetch manifest react@^18.2.0
47 http fetch GET 200 https://registry.npmjs.org/react 88ms (cache revalidated)
48 silly fetch manifest react@^16.8.3 || ^17
49 timing idealTree Completed in 2815ms
50 timing command:i Completed in 2828ms
51 verbose stack Error: unable to resolve dependency tree
51 verbose stack     at Arborist.[failPeerConflict] (C:\Users\Mithat Kara\AppData\Roaming\npm\node_modules\npm\node_modules\@npmcli\arborist\lib\arborist\build-ideal-tree.js:1428:25)
51 verbose stack     at Arborist.[loadPeerSet] (C:\Users\Mithat Kara\AppData\Roaming\npm\node_modules\npm\node_modules\@npmcli\arborist\lib\arborist\build-ideal-tree.js:1394:34)
51 verbose stack     at async Arborist.[buildDepStep] (C:\Users\Mithat Kara\AppData\Roaming\npm\node_modules\npm\node_modules\@npmcli\arborist\lib\arborist\build-ideal-tree.js:976:11)
51 verbose stack     at async Arborist.buildIdealTree (C:\Users\Mithat Kara\AppData\Roaming\npm\node_modules\npm\node_modules\@npmcli\arborist\lib\arborist\build-ideal-tree.js:218:7)
51 verbose stack     at async Promise.all (index 1)
51 verbose stack     at async Arborist.reify (C:\Users\Mithat Kara\AppData\Roaming\npm\node_modules\npm\node_modules\@npmcli\arborist\lib\arborist\reify.js:154:5)
51 verbose stack     at async Install.exec (C:\Users\Mithat Kara\AppData\Roaming\npm\node_modules\npm\lib\commands\install.js:145:5)
51 verbose stack     at async module.exports (C:\Users\Mithat Kara\AppData\Roaming\npm\node_modules\npm\lib\cli.js:78:5)
52 verbose cwd C:\Users\Mithat Kara\OneDrive\Masaüstü\food-shop
53 verbose Windows_NT 10.0.19044
54 verbose node v16.13.1
55 verbose npm  v8.14.0
56 error code ERESOLVE
57 error ERESOLVE unable to resolve dependency tree
58 error
59 error While resolving: [1mfood-shop[22m@[1m0.1.0[22m
59 error Found: [1mreact[22m@[1m18.2.0[22m[2m[22m
59 error [2mnode_modules/react[22m
59 error   [1mreact[22m@"[1m^18.2.0[22m" from the root project
59 error
59 error Could not resolve dependency:
59 error [35mpeer[39m [1mreact[22m@"[1m^16.8.3 || ^17[22m" from [1mreact-redux[22m@[1m7.2.4[22m[2m[22m
59 error [2mnode_modules/react-redux[22m
59 error   [1mreact-redux[22m@"[1m7.2.4[22m" from the root project
59 error
59 error Fix the upstream dependency conflict, or retry
59 error this command with --force, or --legacy-peer-deps
59 error to accept an incorrect (and potentially broken) dependency resolution.
59 error
59 error See C:\Users\Mithat Kara\OneDrive\Masaüstü\food-shop\eresolve-report.txt for a full report.
60 verbose exit 1
61 timing npm Completed in 2967ms
62 verbose unfinished npm timer reify 1658519264647
63 verbose unfinished npm timer reify:loadTrees 1658519264656
64 verbose unfinished npm timer idealTree:buildDeps 1658519265427
65 verbose unfinished npm timer idealTree:#root 1658519265428
66 verbose code 1
67 error A complete log of this run can be found in:
67 error     C:\Users\Mithat Kara\OneDrive\Masaüstü\food-shop\_logs\2022-07-22T19_47_44_530Z-debug-0.log
